<?xml version="1.0" encoding="UTF-8"?>
<!-- Generated by org.testng.reporters.JUnitXMLReporter -->
<testsuite ignored="4" hostname="DESKTOP-L9361S2" failures="0" tests="1" name="Default test" time="11.06" errors="0" timestamp="2025-04-02T23:22:07 IST">
  <testcase classname="testScript.LogInTest" name="loginwithinvalidcardentialswithemptypassword" time="0.979"/>
  <testcase classname="testScript.LogInTest" name="loginwithvalidcardentials" time="0.0">
    <ignored/>
  </testcase> <!-- loginwithvalidcardentials -->
  <testcase classname="testScript.LogInTest" name="loginwithemptycardentials" time="0.0">
    <ignored/>
  </testcase> <!-- loginwithemptycardentials -->
  <testcase classname="testScript.LogInTest" name="loginwithinvalidcardentials" time="0.0">
    <ignored/>
  </testcase> <!-- loginwithinvalidcardentials -->
  <testcase classname="testScript.LogInTest" name="loginwithinvalidcardentialsemptyemail" time="0.0">
    <ignored/>
  </testcase> <!-- loginwithinvalidcardentialsemptyemail -->
</testsuite> <!-- Default test -->
