<?xml version="1.0" encoding="UTF-8"?>
<testng-results ignored="0" total="1" passed="1" failed="0" skipped="0">
  <reporter-output>
  </reporter-output>
  <suite started-at="2025-04-02T23:21:56 IST" name="Default suite" finished-at="2025-04-02T23:22:07 IST" duration-ms="11060">
    <groups>
    </groups>
    <test started-at="2025-04-02T23:21:56 IST" name="Default test" finished-at="2025-04-02T23:22:07 IST" duration-ms="11060">
      <class name="testScript.LogInTest">
        <test-method is-config="true" signature="setup()[pri:0, instance:testScript.LogInTest@1e6a3214]" started-at="2025-04-02T23:21:56 IST" name="setup" finished-at="2025-04-02T23:22:02 IST" duration-ms="5576" status="PASS">
          <reporter-output>
          </reporter-output>
        </test-method> <!-- setup -->
        <test-method signature="loginwithinvalidcardentialswithemptypassword()[pri:0, instance:testScript.LogInTest@1e6a3214]" started-at="2025-04-02T23:22:02 IST" name="loginwithinvalidcardentialswithemptypassword" finished-at="2025-04-02T23:22:03 IST" duration-ms="979" status="PASS">
          <reporter-output>
          </reporter-output>
        </test-method> <!-- loginwithinvalidcardentialswithemptypassword -->
        <test-method is-config="true" signature="tearDown()[pri:0, instance:testScript.LogInTest@1e6a3214]" started-at="2025-04-02T23:22:03 IST" name="tearDown" finished-at="2025-04-02T23:22:07 IST" duration-ms="4408" status="PASS">
          <reporter-output>
          </reporter-output>
        </test-method> <!-- tearDown -->
      </class> <!-- testScript.LogInTest -->
    </test> <!-- Default test -->
  </suite> <!-- Default suite -->
</testng-results>
